<?xml version="1.0" encoding="UTF-8"?>
<!-- Generated by org.testng.reporters.JUnitReportReporter -->
<testsuite hostname="C1ML21080" failures="0" tests="10" name="TestNextGeneration.InvocationCountTest" time="0.033" errors="0" timestamp="2020-12-24T01:05:32 IST" skipped="0">
  <testcase classname="TestNextGeneration.InvocationCountTest" name="sum" time="0.002"/>
  <system-out/>
  <testcase classname="TestNextGeneration.InvocationCountTest" name="sum" time="0.002"/>
  <system-out/>
  <testcase classname="TestNextGeneration.InvocationCountTest" name="sum" time="0.003"/>
  <system-out/>
  <testcase classname="TestNextGeneration.InvocationCountTest" name="sum" time="0.002"/>
  <system-out/>
  <testcase classname="TestNextGeneration.InvocationCountTest" name="sum" time="0.003"/>
  <system-out/>
  <testcase classname="TestNextGeneration.InvocationCountTest" name="sum" time="0.003"/>
  <system-out/>
  <testcase classname="TestNextGeneration.InvocationCountTest" name="sum" time="0.011"/>
  <system-out/>
  <testcase classname="TestNextGeneration.InvocationCountTest" name="sum" time="0.002"/>
  <system-out/>
  <testcase classname="TestNextGeneration.InvocationCountTest" name="sum" time="0.003"/>
  <system-out/>
  <testcase classname="TestNextGeneration.InvocationCountTest" name="sum" time="0.002"/>
  <system-out/>
</testsuite> <!-- TestNextGeneration.InvocationCountTest -->
