<?xml version="1.0" encoding="UTF-8"?>
<!-- Generated by org.testng.reporters.JUnitReportReporter -->
<testsuite hostname="C1ML21080" failures="0" tests="3" name="TestNextGeneration.AssertionsTest" time="0.053" errors="0" timestamp="2020-12-24T20:26:49 IST" skipped="0">
  <testcase classname="TestNextGeneration.AssertionsTest" name="CurrentUrl" time="0.014"/>
  <system-out/>
  <testcase classname="TestNextGeneration.AssertionsTest" name="add" time="0.007"/>
  <system-out/>
  <testcase classname="TestNextGeneration.AssertionsTest" name="title" time="0.032"/>
  <system-out/>
</testsuite> <!-- TestNextGeneration.AssertionsTest -->
