<?xml version="1.0" encoding="UTF-8"?>
<!-- Generated by org.testng.reporters.JUnitReportReporter -->
<testsuite hostname="C1ML21080" failures="0" tests="1" name="TestNextGeneration.expectedException" time="0.009" errors="0" timestamp="2020-12-24T01:44:41 IST" skipped="0">
  <testcase classname="TestNextGeneration.expectedException" name="ParseInt" time="0.009"/>
  <system-out/>
</testsuite> <!-- TestNextGeneration.expectedException -->
