<?xml version="1.0" encoding="UTF-8"?>
<!-- Generated by org.testng.reporters.JUnitReportReporter -->
<testsuite hostname="C1ML21080" failures="0" tests="2" name="TestNextGeneration.PriorityTest" time="0.030" errors="0" timestamp="2020-12-24T00:58:29 IST" skipped="0">
  <testcase classname="TestNextGeneration.PriorityTest" name="CurrentUrl" time="0.016"/>
  <system-out/>
  <testcase classname="TestNextGeneration.PriorityTest" name="title" time="0.014"/>
  <system-out/>
</testsuite> <!-- TestNextGeneration.PriorityTest -->
