<?xml version="1.0" encoding="UTF-8"?>
<!-- Generated by org.testng.reporters.JUnitReportReporter -->
<testsuite hostname="C1ML21080" failures="0" tests="2" name="TestNextGeneration.GroupsTest" time="0.035" errors="0" timestamp="2020-12-24T01:02:36 IST" skipped="0">
  <testcase classname="TestNextGeneration.GroupsTest" name="CurrentUrl" time="0.020"/>
  <system-out/>
  <testcase classname="TestNextGeneration.GroupsTest" name="title" time="0.015"/>
  <system-out/>
</testsuite> <!-- TestNextGeneration.GroupsTest -->
