<?xml version="1.0" encoding="UTF-8"?>
<!-- Generated by org.testng.reporters.JUnitReportReporter -->
<testsuite hostname="C1ML21080" failures="0" tests="2" name="TestNextGeneration.LoginTest" time="0.043" errors="0" timestamp="2020-12-23T13:28:22 IST" skipped="0">
  <testcase classname="TestNextGeneration.LoginTest" name="title" time="0.018"/>
  <system-out/>
  <testcase classname="TestNextGeneration.LoginTest" name="CurrentUrl" time="0.025"/>
  <system-out/>
</testsuite> <!-- TestNextGeneration.LoginTest -->
