<?xml version="1.0" encoding="UTF-8"?>
<!-- Generated by org.testng.reporters.JUnitReportReporter -->
<testsuite hostname="C1ML21080" failures="0" tests="3" name="TestNextGeneration.DependsOnTest" time="0.048" errors="0" timestamp="2020-12-24T20:26:49 IST" skipped="0">
  <testcase classname="TestNextGeneration.DependsOnTest" name="add" time="0.002"/>
  <system-out/>
  <testcase classname="TestNextGeneration.DependsOnTest" name="CurrentUrl" time="0.023"/>
  <system-out/>
  <testcase classname="TestNextGeneration.DependsOnTest" name="title" time="0.023"/>
  <system-out/>
</testsuite> <!-- TestNextGeneration.DependsOnTest -->
