<?xml version="1.0" encoding="UTF-8"?>
<!-- Generated by org.testng.reporters.JUnitReportReporter -->
<testsuite hostname="C1ML21080" failures="0" tests="2" name="TestNextGeneration.AnnotationsTest" time="0.055" errors="0" timestamp="2020-12-24T20:26:49 IST" skipped="0">
  <testcase classname="TestNextGeneration.AnnotationsTest" name="title" time="0.023"/>
  <system-out/>
  <testcase classname="TestNextGeneration.AnnotationsTest" name="CurrentUrl" time="0.032"/>
  <system-out/>
</testsuite> <!-- TestNextGeneration.AnnotationsTest -->
